<?xml version="1.0" encoding="UTF-8"?>
<coverage generated="1699473548694" clover="3.2.0">
  <project timestamp="1699473548695" name="All files">
    <metrics statements="83" coveredstatements="68" conditionals="44" coveredconditionals="41" methods="36" coveredmethods="25" elements="163" coveredelements="134" complexity="0" loc="83" ncloc="83" packages="11" files="14" classes="14"/>
    <package name="components.card">
      <metrics statements="11" coveredstatements="9" conditionals="2" coveredconditionals="2" methods="3" coveredmethods="2"/>
      <file name="card.tsx" path="C:/java-script-projects/rss-react-course/src/components/card/card.tsx">
        <metrics statements="11" coveredstatements="9" conditionals="2" coveredconditionals="2" methods="3" coveredmethods="2"/>
        <line num="11" count="1" type="stmt"/>
        <line num="12" count="3" type="stmt"/>
        <line num="13" count="3" type="stmt"/>
        <line num="14" count="3" type="stmt"/>
        <line num="15" count="3" type="stmt"/>
        <line num="16" count="0" type="stmt"/>
        <line num="17" count="0" type="stmt"/>
        <line num="19" count="3" type="stmt"/>
        <line num="20" count="3" type="stmt"/>
        <line num="24" count="1" type="stmt"/>
        <line num="25" count="1" type="cond" truecount="2" falsecount="0"/>
      </file>
    </package>
    <package name="components.detaliedWindow">
      <metrics statements="3" coveredstatements="2" conditionals="0" coveredconditionals="0" methods="2" coveredmethods="1"/>
      <file name="detailedWindowContent.tsx" path="C:/java-script-projects/rss-react-course/src/components/detaliedWindow/detailedWindowContent.tsx">
        <metrics statements="3" coveredstatements="2" conditionals="0" coveredconditionals="0" methods="2" coveredmethods="1"/>
        <line num="9" count="1" type="stmt"/>
        <line num="13" count="2" type="stmt"/>
        <line num="32" count="0" type="stmt"/>
      </file>
    </package>
    <package name="components.errorBoundary">
      <metrics statements="7" coveredstatements="6" conditionals="2" coveredconditionals="2" methods="5" coveredmethods="4"/>
      <file name="index.tsx" path="C:/java-script-projects/rss-react-course/src/components/errorBoundary/index.tsx">
        <metrics statements="7" coveredstatements="6" conditionals="2" coveredconditionals="2" methods="5" coveredmethods="4"/>
        <line num="10" count="2" type="stmt"/>
        <line num="11" count="1" type="stmt"/>
        <line num="15" count="2" type="stmt"/>
        <line num="19" count="1" type="stmt"/>
        <line num="23" count="3" type="cond" truecount="2" falsecount="0"/>
        <line num="30" count="0" type="stmt"/>
        <line num="39" count="1" type="stmt"/>
      </file>
    </package>
    <package name="components.header">
      <metrics statements="5" coveredstatements="5" conditionals="2" coveredconditionals="2" methods="2" coveredmethods="2"/>
      <file name="header.tsx" path="C:/java-script-projects/rss-react-course/src/components/header/header.tsx">
        <metrics statements="5" coveredstatements="5" conditionals="2" coveredconditionals="2" methods="2" coveredmethods="2"/>
        <line num="7" count="2" type="stmt"/>
        <line num="8" count="7" type="stmt"/>
        <line num="9" count="6" type="cond" truecount="2" falsecount="0"/>
        <line num="10" count="4" type="stmt"/>
        <line num="19" count="1" type="stmt"/>
      </file>
    </package>
    <package name="components.loader">
      <metrics statements="1" coveredstatements="1" conditionals="3" coveredconditionals="3" methods="1" coveredmethods="1"/>
      <file name="loader.tsx" path="C:/java-script-projects/rss-react-course/src/components/loader/loader.tsx">
        <metrics statements="1" coveredstatements="1" conditionals="3" coveredconditionals="3" methods="1" coveredmethods="1"/>
        <line num="9" count="2" type="stmt"/>
      </file>
    </package>
    <package name="components.nothingFound">
      <metrics statements="4" coveredstatements="4" conditionals="4" coveredconditionals="4" methods="2" coveredmethods="2"/>
      <file name="nothingFound.tsx" path="C:/java-script-projects/rss-react-course/src/components/nothingFound/nothingFound.tsx">
        <metrics statements="4" coveredstatements="4" conditionals="4" coveredconditionals="4" methods="2" coveredmethods="2"/>
        <line num="4" count="1" type="stmt"/>
        <line num="5" count="2" type="stmt"/>
        <line num="11" count="1" type="cond" truecount="2" falsecount="0"/>
        <line num="12" count="1" type="cond" truecount="2" falsecount="0"/>
      </file>
    </package>
    <package name="components.pagination">
      <metrics statements="13" coveredstatements="8" conditionals="11" coveredconditionals="8" methods="7" coveredmethods="3"/>
      <file name="pagination.tsx" path="C:/java-script-projects/rss-react-course/src/components/pagination/pagination.tsx">
        <metrics statements="12" coveredstatements="7" conditionals="11" coveredconditionals="8" methods="6" coveredmethods="2"/>
        <line num="12" count="2" type="stmt"/>
        <line num="13" count="2" type="stmt"/>
        <line num="14" count="2" type="stmt"/>
        <line num="15" count="2" type="stmt"/>
        <line num="16" count="2" type="cond" truecount="1" falsecount="1"/>
        <line num="21" count="0" type="stmt"/>
        <line num="26" count="0" type="stmt"/>
        <line num="37" count="0" type="stmt"/>
        <line num="43" count="0" type="cond" truecount="0" falsecount="2"/>
        <line num="44" count="0" type="stmt"/>
        <line num="61" count="1" type="stmt"/>
        <line num="62" count="1" type="cond" truecount="2" falsecount="0"/>
      </file>
      <file name="paginationButton.tsx" path="C:/java-script-projects/rss-react-course/src/components/pagination/paginationButton.tsx">
        <metrics statements="1" coveredstatements="1" conditionals="0" coveredconditionals="0" methods="1" coveredmethods="1"/>
        <line num="10" count="2" type="stmt"/>
      </file>
    </package>
    <package name="components.search">
      <metrics statements="7" coveredstatements="7" conditionals="6" coveredconditionals="6" methods="3" coveredmethods="3"/>
      <file name="search.tsx" path="C:/java-script-projects/rss-react-course/src/components/search/search.tsx">
        <metrics statements="7" coveredstatements="7" conditionals="6" coveredconditionals="6" methods="3" coveredmethods="3"/>
        <line num="8" count="3" type="stmt"/>
        <line num="10" count="5" type="stmt"/>
        <line num="11" count="5" type="stmt"/>
        <line num="19" count="1" type="cond" truecount="2" falsecount="0"/>
        <line num="24" count="2" type="cond" truecount="2" falsecount="0"/>
        <line num="25" count="1" type="stmt"/>
        <line num="26" count="1" type="cond" truecount="2" falsecount="0"/>
      </file>
    </package>
    <package name="components.themeToggler">
      <metrics statements="7" coveredstatements="7" conditionals="4" coveredconditionals="4" methods="2" coveredmethods="2"/>
      <file name="themeToggler.tsx" path="C:/java-script-projects/rss-react-course/src/components/themeToggler/themeToggler.tsx">
        <metrics statements="7" coveredstatements="7" conditionals="4" coveredconditionals="4" methods="2" coveredmethods="2"/>
        <line num="8" count="3" type="stmt"/>
        <line num="9" count="7" type="stmt"/>
        <line num="10" count="7" type="stmt"/>
        <line num="11" count="4" type="cond" truecount="2" falsecount="0"/>
        <line num="12" count="3" type="cond" truecount="2" falsecount="0"/>
        <line num="13" count="2" type="stmt"/>
        <line num="15" count="1" type="stmt"/>
      </file>
    </package>
    <package name="providers.queryProvider">
      <metrics statements="15" coveredstatements="11" conditionals="6" coveredconditionals="6" methods="5" coveredmethods="2"/>
      <file name="queryContext.ts" path="C:/java-script-projects/rss-react-course/src/providers/queryProvider/queryContext.ts">
        <metrics statements="1" coveredstatements="1" conditionals="2" coveredconditionals="2" methods="1" coveredmethods="0"/>
        <line num="14" count="6" type="stmt"/>
      </file>
      <file name="queryProvider.tsx" path="C:/java-script-projects/rss-react-course/src/providers/queryProvider/queryProvider.tsx">
        <metrics statements="14" coveredstatements="10" conditionals="4" coveredconditionals="4" methods="4" coveredmethods="2"/>
        <line num="11" count="6" type="stmt"/>
        <line num="12" count="1" type="cond" truecount="2" falsecount="0"/>
        <line num="13" count="1" type="stmt"/>
        <line num="14" count="1" type="stmt"/>
        <line num="15" count="1" type="stmt"/>
        <line num="16" count="1" type="stmt"/>
        <line num="19" count="1" type="stmt"/>
        <line num="20" count="0" type="stmt"/>
        <line num="21" count="0" type="stmt"/>
        <line num="23" count="1" type="stmt"/>
        <line num="24" count="0" type="stmt"/>
        <line num="25" count="0" type="stmt"/>
        <line num="27" count="1" type="stmt"/>
        <line num="28" count="1" type="stmt"/>
      </file>
    </package>
    <package name="providers.themeProvider">
      <metrics statements="10" coveredstatements="8" conditionals="4" coveredconditionals="4" methods="4" coveredmethods="3"/>
      <file name="themeContext.ts" path="C:/java-script-projects/rss-react-course/src/providers/themeProvider/themeContext.ts">
        <metrics statements="2" coveredstatements="2" conditionals="2" coveredconditionals="2" methods="1" coveredmethods="1"/>
        <line num="3" count="6" type="cond" truecount="2" falsecount="0"/>
        <line num="11" count="6" type="stmt"/>
      </file>
      <file name="themeProvider.tsx" path="C:/java-script-projects/rss-react-course/src/providers/themeProvider/themeProvider.tsx">
        <metrics statements="8" coveredstatements="6" conditionals="2" coveredconditionals="2" methods="3" coveredmethods="2"/>
        <line num="8" count="6" type="stmt"/>
        <line num="9" count="1" type="stmt"/>
        <line num="10" count="1" type="cond" truecount="2" falsecount="0"/>
        <line num="11" count="1" type="stmt"/>
        <line num="12" count="0" type="stmt"/>
        <line num="13" count="0" type="stmt"/>
        <line num="15" count="1" type="stmt"/>
        <line num="16" count="1" type="stmt"/>
      </file>
    </package>
  </project>
</coverage>
