{"C:/java-script-projects/rss-react-course/src/components/card/card.tsx": {"path":"C:/java-script-projects/rss-react-course/src/components/card/card.tsx","statementMap":{"0":{"start":{"line":11,"column":34},"end":{"line":41,"column":null}},"1":{"start":{"line":12,"column":19},"end":{"line":12,"column":null}},"2":{"start":{"line":13,"column":42},"end":{"line":13,"column":null}},"3":{"start":{"line":14,"column":39},"end":{"line":14,"column":null}},"4":{"start":{"line":15,"column":17},"end":{"line":18,"column":null}},"5":{"start":{"line":16,"column":4},"end":{"line":16,"column":null}},"6":{"start":{"line":17,"column":4},"end":{"line":17,"column":null}},"7":{"start":{"line":19,"column":14},"end":{"line":19,"column":null}},"8":{"start":{"line":20,"column":13},"end":{"line":20,"column":null}},"9":{"start":{"line":24,"column":8},"end":{"line":24,"column":null}},"10":{"start":{"line":25,"column":8},"end":{"line":25,"column":null}}},"fnMap":{"0":{"name":"(anonymous_0)","decl":{"start":{"line":11,"column":34},"end":{"line":11,"column":35}},"loc":{"start":{"line":11,"column":45},"end":{"line":41,"column":null}}},"1":{"name":"(anonymous_1)","decl":{"start":{"line":15,"column":17},"end":{"line":15,"column":null}},"loc":{"start":{"line":15,"column":17},"end":{"line":18,"column":null}}},"2":{"name":"(anonymous_2)","decl":{"start":{"line":23,"column":15},"end":{"line":23,"column":16}},"loc":{"start":{"line":23,"column":16},"end":{"line":26,"column":null}}}},"branchMap":{"0":{"loc":{"start":{"line":25,"column":21},"end":{"line":25,"column":31}},"type":"binary-expr","locations":[{"start":{"line":25,"column":21},"end":{"line":25,"column":29}},{"start":{"line":25,"column":29},"end":{"line":25,"column":31}}]}},"s":{"0":1,"1":3,"2":3,"3":3,"4":3,"5":0,"6":0,"7":3,"8":3,"9":1,"10":1},"f":{"0":3,"1":0,"2":1},"b":{"0":[1,1]}}
,"C:/java-script-projects/rss-react-course/src/components/detaliedWindow/detailedWindowContent.tsx": {"path":"C:/java-script-projects/rss-react-course/src/components/detaliedWindow/detailedWindowContent.tsx","statementMap":{"0":{"start":{"line":9,"column":68},"end":{"line":44,"column":null}},"1":{"start":{"line":13,"column":42},"end":{"line":13,"column":null}},"2":{"start":{"line":32,"column":12},"end":{"line":32,"column":null}}},"fnMap":{"0":{"name":"(anonymous_0)","decl":{"start":{"line":9,"column":68},"end":{"line":9,"column":69}},"loc":{"start":{"line":12,"column":1},"end":{"line":44,"column":null}}},"1":{"name":"(anonymous_1)","decl":{"start":{"line":31,"column":18},"end":{"line":31,"column":null}},"loc":{"start":{"line":31,"column":18},"end":{"line":33,"column":null}}}},"branchMap":{},"s":{"0":1,"1":2,"2":0},"f":{"0":2,"1":0},"b":{}}
,"C:/java-script-projects/rss-react-course/src/components/errorBoundary/index.tsx": {"path":"C:/java-script-projects/rss-react-course/src/components/errorBoundary/index.tsx","statementMap":{"0":{"start":{"line":15,"column":4},"end":{"line":15,"column":null}},"1":{"start":{"line":19,"column":4},"end":{"line":19,"column":null}},"2":{"start":{"line":23,"column":4},"end":{"line":37,"column":null}},"3":{"start":{"line":30,"column":14},"end":{"line":30,"column":null}},"4":{"start":{"line":39,"column":4},"end":{"line":39,"column":null}},"5":{"start":{"line":10,"column":4},"end":{"line":10,"column":null}},"6":{"start":{"line":11,"column":4},"end":{"line":11,"column":null}}},"fnMap":{"0":{"name":"(anonymous_0)","decl":{"start":{"line":14,"column":2},"end":{"line":14,"column":9}},"loc":{"start":{"line":14,"column":36},"end":{"line":16,"column":null}}},"1":{"name":"(anonymous_1)","decl":{"start":{"line":18,"column":2},"end":{"line":18,"column":20}},"loc":{"start":{"line":18,"column":56},"end":{"line":20,"column":null}}},"2":{"name":"(anonymous_2)","decl":{"start":{"line":22,"column":2},"end":{"line":22,"column":11}},"loc":{"start":{"line":22,"column":11},"end":{"line":40,"column":null}}},"3":{"name":"(anonymous_3)","decl":{"start":{"line":29,"column":21},"end":{"line":29,"column":null}},"loc":{"start":{"line":29,"column":21},"end":{"line":31,"column":null}}},"4":{"name":"(anonymous_4)","decl":{"start":{"line":9,"column":2},"end":{"line":9,"column":14}},"loc":{"start":{"line":9,"column":48},"end":{"line":12,"column":null}}}},"branchMap":{"0":{"loc":{"start":{"line":23,"column":4},"end":{"line":37,"column":null}},"type":"if","locations":[{"start":{"line":23,"column":4},"end":{"line":37,"column":null}},{"start":{"line":23,"column":4},"end":{"line":37,"column":null}}]}},"s":{"0":2,"1":1,"2":3,"3":0,"4":1,"5":2,"6":1},"f":{"0":2,"1":1,"2":3,"3":0,"4":2},"b":{"0":[2,1]}}
,"C:/java-script-projects/rss-react-course/src/components/header/header.tsx": {"path":"C:/java-script-projects/rss-react-course/src/components/header/header.tsx","statementMap":{"0":{"start":{"line":7,"column":19},"end":{"line":26,"column":null}},"1":{"start":{"line":8,"column":34},"end":{"line":8,"column":null}},"2":{"start":{"line":9,"column":2},"end":{"line":11,"column":null}},"3":{"start":{"line":10,"column":4},"end":{"line":10,"column":null}},"4":{"start":{"line":19,"column":10},"end":{"line":19,"column":null}}},"fnMap":{"0":{"name":"(anonymous_0)","decl":{"start":{"line":7,"column":19},"end":{"line":7,"column":null}},"loc":{"start":{"line":7,"column":19},"end":{"line":26,"column":null}}},"1":{"name":"(anonymous_1)","decl":{"start":{"line":18,"column":17},"end":{"line":18,"column":null}},"loc":{"start":{"line":18,"column":17},"end":{"line":20,"column":null}}}},"branchMap":{"0":{"loc":{"start":{"line":9,"column":2},"end":{"line":11,"column":null}},"type":"if","locations":[{"start":{"line":9,"column":2},"end":{"line":11,"column":null}},{"start":{"line":9,"column":2},"end":{"line":11,"column":null}}]}},"s":{"0":2,"1":7,"2":6,"3":4,"4":1},"f":{"0":7,"1":1},"b":{"0":[4,2]}}
,"C:/java-script-projects/rss-react-course/src/components/loader/loader.tsx": {"path":"C:/java-script-projects/rss-react-course/src/components/loader/loader.tsx","statementMap":{"0":{"start":{"line":9,"column":38},"end":{"line":13,"column":null}}},"fnMap":{"0":{"name":"(anonymous_0)","decl":{"start":{"line":9,"column":38},"end":{"line":9,"column":39}},"loc":{"start":{"line":9,"column":63},"end":{"line":13,"column":null}}}},"branchMap":{"0":{"loc":{"start":{"line":12,"column":22},"end":{"line":12,"column":31}},"type":"cond-expr","locations":[{"start":{"line":12,"column":22},"end":{"line":12,"column":31}}]},"1":{"loc":{"start":{"line":12,"column":34},"end":{"line":12,"column":null}},"type":"binary-expr","locations":[{"start":{"line":12,"column":34},"end":{"line":12,"column":46}},{"start":{"line":12,"column":46},"end":{"line":12,"column":null}}]}},"s":{"0":2},"f":{"0":4},"b":{"0":[3],"1":[1,1]}}
,"C:/java-script-projects/rss-react-course/src/components/nothingFound/nothingFound.tsx": {"path":"C:/java-script-projects/rss-react-course/src/components/nothingFound/nothingFound.tsx","statementMap":{"0":{"start":{"line":4,"column":31},"end":{"line":19,"column":null}},"1":{"start":{"line":5,"column":45},"end":{"line":5,"column":null}},"2":{"start":{"line":11,"column":10},"end":{"line":11,"column":null}},"3":{"start":{"line":12,"column":10},"end":{"line":12,"column":null}}},"fnMap":{"0":{"name":"(anonymous_0)","decl":{"start":{"line":4,"column":31},"end":{"line":4,"column":null}},"loc":{"start":{"line":4,"column":31},"end":{"line":19,"column":null}}},"1":{"name":"(anonymous_1)","decl":{"start":{"line":10,"column":17},"end":{"line":10,"column":null}},"loc":{"start":{"line":10,"column":17},"end":{"line":13,"column":null}}}},"branchMap":{"0":{"loc":{"start":{"line":11,"column":10},"end":{"line":11,"column":null}},"type":"binary-expr","locations":[{"start":{"line":11,"column":10},"end":{"line":11,"column":27}},{"start":{"line":11,"column":27},"end":{"line":11,"column":null}}]},"1":{"loc":{"start":{"line":12,"column":10},"end":{"line":12,"column":null}},"type":"binary-expr","locations":[{"start":{"line":12,"column":10},"end":{"line":12,"column":29}},{"start":{"line":12,"column":29},"end":{"line":12,"column":null}}]}},"s":{"0":1,"1":2,"2":1,"3":1},"f":{"0":2,"1":1},"b":{"0":[1,1],"1":[1,1]}}
,"C:/java-script-projects/rss-react-course/src/components/pagination/pagination.tsx": {"path":"C:/java-script-projects/rss-react-course/src/components/pagination/pagination.tsx","statementMap":{"0":{"start":{"line":12,"column":40},"end":{"line":68,"column":null}},"1":{"start":{"line":13,"column":31},"end":{"line":13,"column":null}},"2":{"start":{"line":14,"column":14},"end":{"line":14,"column":null}},"3":{"start":{"line":15,"column":17},"end":{"line":15,"column":null}},"4":{"start":{"line":16,"column":18},"end":{"line":16,"column":null}},"5":{"start":{"line":21,"column":24},"end":{"line":21,"column":null}},"6":{"start":{"line":26,"column":24},"end":{"line":26,"column":null}},"7":{"start":{"line":37,"column":24},"end":{"line":37,"column":null}},"8":{"start":{"line":43,"column":10},"end":{"line":45,"column":null}},"9":{"start":{"line":44,"column":12},"end":{"line":44,"column":null}},"10":{"start":{"line":61,"column":12},"end":{"line":61,"column":null}},"11":{"start":{"line":62,"column":12},"end":{"line":62,"column":null}}},"fnMap":{"0":{"name":"(anonymous_0)","decl":{"start":{"line":12,"column":40},"end":{"line":12,"column":41}},"loc":{"start":{"line":12,"column":56},"end":{"line":68,"column":null}}},"1":{"name":"(anonymous_1)","decl":{"start":{"line":21,"column":18},"end":{"line":21,"column":24}},"loc":{"start":{"line":21,"column":24},"end":{"line":21,"column":null}}},"2":{"name":"(anonymous_2)","decl":{"start":{"line":26,"column":18},"end":{"line":26,"column":24}},"loc":{"start":{"line":26,"column":24},"end":{"line":26,"column":null}}},"3":{"name":"(anonymous_3)","decl":{"start":{"line":37,"column":18},"end":{"line":37,"column":24}},"loc":{"start":{"line":37,"column":24},"end":{"line":37,"column":null}}},"4":{"name":"(anonymous_4)","decl":{"start":{"line":42,"column":18},"end":{"line":42,"column":null}},"loc":{"start":{"line":42,"column":18},"end":{"line":46,"column":null}}},"5":{"name":"(anonymous_5)","decl":{"start":{"line":60,"column":20},"end":{"line":60,"column":21}},"loc":{"start":{"line":60,"column":21},"end":{"line":63,"column":null}}}},"branchMap":{"0":{"loc":{"start":{"line":16,"column":18},"end":{"line":16,"column":null}},"type":"cond-expr","locations":[{"start":{"line":16,"column":23},"end":{"line":16,"column":39}},{"start":{"line":16,"column":42},"end":{"line":16,"column":null}}]},"1":{"loc":{"start":{"line":30,"column":7},"end":{"line":30,"column":null}},"type":"binary-expr","locations":[{"start":{"line":30,"column":7},"end":{"line":30,"column":null}}]},"2":{"loc":{"start":{"line":38,"column":19},"end":{"line":38,"column":null}},"type":"binary-expr","locations":[{"start":{"line":38,"column":19},"end":{"line":38,"column":30}},{"start":{"line":38,"column":30},"end":{"line":38,"column":null}}]},"3":{"loc":{"start":{"line":43,"column":10},"end":{"line":45,"column":null}},"type":"if","locations":[{"start":{"line":43,"column":10},"end":{"line":45,"column":null}},{"start":{"line":43,"column":10},"end":{"line":45,"column":null}}]},"4":{"loc":{"start":{"line":47,"column":19},"end":{"line":47,"column":null}},"type":"binary-expr","locations":[{"start":{"line":47,"column":19},"end":{"line":47,"column":30}},{"start":{"line":47,"column":30},"end":{"line":47,"column":null}}]},"5":{"loc":{"start":{"line":62,"column":12},"end":{"line":62,"column":null}},"type":"binary-expr","locations":[{"start":{"line":62,"column":12},"end":{"line":62,"column":25}},{"start":{"line":62,"column":25},"end":{"line":62,"column":null}}]}},"s":{"0":2,"1":2,"2":2,"3":2,"4":2,"5":0,"6":0,"7":0,"8":0,"9":0,"10":1,"11":1},"f":{"0":2,"1":0,"2":0,"3":0,"4":0,"5":1},"b":{"0":[2,0],"1":[2],"2":[2,2],"3":[0,0],"4":[2,2],"5":[1,1]}}
,"C:/java-script-projects/rss-react-course/src/components/pagination/paginationButton.tsx": {"path":"C:/java-script-projects/rss-react-course/src/components/pagination/paginationButton.tsx","statementMap":{"0":{"start":{"line":10,"column":58},"end":{"line":24,"column":null}}},"fnMap":{"0":{"name":"(anonymous_0)","decl":{"start":{"line":10,"column":58},"end":{"line":10,"column":59}},"loc":{"start":{"line":14,"column":1},"end":{"line":24,"column":null}}}},"branchMap":{},"s":{"0":2},"f":{"0":8},"b":{}}
,"C:/java-script-projects/rss-react-course/src/components/search/search.tsx": {"path":"C:/java-script-projects/rss-react-course/src/components/search/search.tsx","statementMap":{"0":{"start":{"line":8,"column":25},"end":{"line":34,"column":null}},"1":{"start":{"line":10,"column":4},"end":{"line":10,"column":null}},"2":{"start":{"line":11,"column":14},"end":{"line":11,"column":null}},"3":{"start":{"line":19,"column":25},"end":{"line":19,"column":null}},"4":{"start":{"line":24,"column":10},"end":{"line":27,"column":null}},"5":{"start":{"line":25,"column":12},"end":{"line":25,"column":null}},"6":{"start":{"line":26,"column":12},"end":{"line":26,"column":null}}},"fnMap":{"0":{"name":"(anonymous_0)","decl":{"start":{"line":8,"column":25},"end":{"line":8,"column":null}},"loc":{"start":{"line":8,"column":25},"end":{"line":34,"column":null}}},"1":{"name":"(anonymous_1)","decl":{"start":{"line":19,"column":18},"end":{"line":19,"column":19}},"loc":{"start":{"line":19,"column":25},"end":{"line":19,"column":null}}},"2":{"name":"(anonymous_2)","decl":{"start":{"line":23,"column":17},"end":{"line":23,"column":null}},"loc":{"start":{"line":23,"column":17},"end":{"line":28,"column":null}}}},"branchMap":{"0":{"loc":{"start":{"line":19,"column":25},"end":{"line":19,"column":null}},"type":"binary-expr","locations":[{"start":{"line":19,"column":25},"end":{"line":19,"column":42}},{"start":{"line":19,"column":42},"end":{"line":19,"column":null}}]},"1":{"loc":{"start":{"line":24,"column":10},"end":{"line":27,"column":null}},"type":"if","locations":[{"start":{"line":24,"column":10},"end":{"line":27,"column":null}},{"start":{"line":24,"column":10},"end":{"line":27,"column":null}}]},"2":{"loc":{"start":{"line":26,"column":12},"end":{"line":26,"column":null}},"type":"binary-expr","locations":[{"start":{"line":26,"column":12},"end":{"line":26,"column":31}},{"start":{"line":26,"column":31},"end":{"line":26,"column":null}}]}},"s":{"0":3,"1":5,"2":5,"3":1,"4":2,"5":1,"6":1},"f":{"0":5,"1":1,"2":2},"b":{"0":[1,1],"1":[1,1],"2":[1,1]}}
,"C:/java-script-projects/rss-react-course/src/components/themeToggler/themeToggler.tsx": {"path":"C:/java-script-projects/rss-react-course/src/components/themeToggler/themeToggler.tsx","statementMap":{"0":{"start":{"line":8,"column":25},"end":{"line":24,"column":null}},"1":{"start":{"line":9,"column":30},"end":{"line":9,"column":null}},"2":{"start":{"line":10,"column":22},"end":{"line":18,"column":null}},"3":{"start":{"line":11,"column":4},"end":{"line":17,"column":null}},"4":{"start":{"line":12,"column":6},"end":{"line":16,"column":null}},"5":{"start":{"line":13,"column":8},"end":{"line":13,"column":null}},"6":{"start":{"line":15,"column":8},"end":{"line":15,"column":null}}},"fnMap":{"0":{"name":"(anonymous_0)","decl":{"start":{"line":8,"column":25},"end":{"line":8,"column":null}},"loc":{"start":{"line":8,"column":25},"end":{"line":24,"column":null}}},"1":{"name":"(anonymous_1)","decl":{"start":{"line":10,"column":22},"end":{"line":10,"column":null}},"loc":{"start":{"line":10,"column":22},"end":{"line":18,"column":null}}}},"branchMap":{"0":{"loc":{"start":{"line":11,"column":4},"end":{"line":17,"column":null}},"type":"if","locations":[{"start":{"line":11,"column":4},"end":{"line":17,"column":null}},{"start":{"line":11,"column":4},"end":{"line":17,"column":null}}]},"1":{"loc":{"start":{"line":12,"column":6},"end":{"line":16,"column":null}},"type":"if","locations":[{"start":{"line":12,"column":6},"end":{"line":16,"column":null}},{"start":{"line":14,"column":13},"end":{"line":16,"column":null}}]}},"s":{"0":3,"1":7,"2":7,"3":4,"4":3,"5":2,"6":1},"f":{"0":7,"1":4},"b":{"0":[3,1],"1":[2,1]}}
,"C:/java-script-projects/rss-react-course/src/providers/queryProvider/queryContext.ts": {"path":"C:/java-script-projects/rss-react-course/src/providers/queryProvider/queryContext.ts","statementMap":{"0":{"start":{"line":14,"column":28},"end":{"line":20,"column":3}}},"fnMap":{"0":{"name":"(anonymous_0)","decl":{"start":{"line":17,"column":19},"end":{"line":17,"column":26}},"loc":{"start":{"line":17,"column":19},"end":{"line":17,"column":null}}}},"branchMap":{"0":{"loc":{"start":{"line":16,"column":9},"end":{"line":16,"column":null}},"type":"binary-expr","locations":[{"start":{"line":16,"column":9},"end":{"line":16,"column":51}},{"start":{"line":16,"column":51},"end":{"line":16,"column":null}}]}},"s":{"0":6},"f":{"0":0},"b":{"0":[6,6]}}
,"C:/java-script-projects/rss-react-course/src/providers/queryProvider/queryProvider.tsx": {"path":"C:/java-script-projects/rss-react-course/src/providers/queryProvider/queryProvider.tsx","statementMap":{"0":{"start":{"line":11,"column":46},"end":{"line":45,"column":null}},"1":{"start":{"line":12,"column":21},"end":{"line":12,"column":null}},"2":{"start":{"line":13,"column":40},"end":{"line":13,"column":null}},"3":{"start":{"line":14,"column":38},"end":{"line":14,"column":null}},"4":{"start":{"line":15,"column":36},"end":{"line":15,"column":null}},"5":{"start":{"line":16,"column":28},"end":{"line":17,"column":null}},"6":{"start":{"line":19,"column":26},"end":{"line":22,"column":null}},"7":{"start":{"line":20,"column":4},"end":{"line":20,"column":null}},"8":{"start":{"line":21,"column":4},"end":{"line":21,"column":null}},"9":{"start":{"line":23,"column":20},"end":{"line":26,"column":null}},"10":{"start":{"line":24,"column":4},"end":{"line":24,"column":null}},"11":{"start":{"line":25,"column":4},"end":{"line":25,"column":null}},"12":{"start":{"line":27,"column":31},"end":{"line":38,"column":null}},"13":{"start":{"line":28,"column":11},"end":{"line":37,"column":null}}},"fnMap":{"0":{"name":"(anonymous_0)","decl":{"start":{"line":11,"column":46},"end":{"line":11,"column":47}},"loc":{"start":{"line":11,"column":59},"end":{"line":45,"column":null}}},"1":{"name":"(anonymous_1)","decl":{"start":{"line":19,"column":26},"end":{"line":19,"column":27}},"loc":{"start":{"line":19,"column":27},"end":{"line":22,"column":null}}},"2":{"name":"(anonymous_2)","decl":{"start":{"line":23,"column":20},"end":{"line":23,"column":21}},"loc":{"start":{"line":23,"column":21},"end":{"line":26,"column":null}}},"3":{"name":"(anonymous_3)","decl":{"start":{"line":28,"column":4},"end":{"line":28,"column":11}},"loc":{"start":{"line":28,"column":11},"end":{"line":37,"column":null}}}},"branchMap":{"0":{"loc":{"start":{"line":12,"column":21},"end":{"line":12,"column":null}},"type":"binary-expr","locations":[{"start":{"line":12,"column":21},"end":{"line":12,"column":61}},{"start":{"line":12,"column":61},"end":{"line":12,"column":null}}]},"1":{"loc":{"start":{"line":17,"column":4},"end":{"line":17,"column":null}},"type":"binary-expr","locations":[{"start":{"line":17,"column":4},"end":{"line":17,"column":46}},{"start":{"line":17,"column":46},"end":{"line":17,"column":null}}]}},"s":{"0":6,"1":1,"2":1,"3":1,"4":1,"5":1,"6":1,"7":0,"8":0,"9":1,"10":0,"11":0,"12":1,"13":1},"f":{"0":1,"1":0,"2":0,"3":1},"b":{"0":[1,1],"1":[1,1]}}
,"C:/java-script-projects/rss-react-course/src/providers/themeProvider/themeContext.ts": {"path":"C:/java-script-projects/rss-react-course/src/providers/themeProvider/themeContext.ts","statementMap":{"0":{"start":{"line":3,"column":12},"end":{"line":3,"column":null}},"1":{"start":{"line":11,"column":28},"end":{"line":13,"column":3}}},"fnMap":{"0":{"name":"(anonymous_0)","decl":{"start":{"line":3,"column":12},"end":{"line":3,"column":null}},"loc":{"start":{"line":3,"column":12},"end":{"line":3,"column":null}}}},"branchMap":{"0":{"loc":{"start":{"line":3,"column":12},"end":{"line":3,"column":null}},"type":"binary-expr","locations":[{"start":{"line":3,"column":12},"end":{"line":3,"column":null}},{"start":{"line":3,"column":12},"end":{"line":3,"column":null}}]}},"s":{"0":6,"1":6},"f":{"0":6},"b":{"0":[6,6]}}
,"C:/java-script-projects/rss-react-course/src/providers/themeProvider/themeProvider.tsx": {"path":"C:/java-script-projects/rss-react-course/src/providers/themeProvider/themeProvider.tsx","statementMap":{"0":{"start":{"line":8,"column":52},"end":{"line":24,"column":null}},"1":{"start":{"line":9,"column":20},"end":{"line":9,"column":null}},"2":{"start":{"line":10,"column":28},"end":{"line":10,"column":null}},"3":{"start":{"line":11,"column":22},"end":{"line":14,"column":null}},"4":{"start":{"line":12,"column":4},"end":{"line":12,"column":null}},"5":{"start":{"line":13,"column":4},"end":{"line":13,"column":null}},"6":{"start":{"line":15,"column":28},"end":{"line":17,"column":null}},"7":{"start":{"line":16,"column":11},"end":{"line":16,"column":null}}},"fnMap":{"0":{"name":"(anonymous_0)","decl":{"start":{"line":8,"column":52},"end":{"line":8,"column":53}},"loc":{"start":{"line":8,"column":65},"end":{"line":24,"column":null}}},"1":{"name":"(anonymous_1)","decl":{"start":{"line":11,"column":22},"end":{"line":11,"column":23}},"loc":{"start":{"line":11,"column":23},"end":{"line":14,"column":null}}},"2":{"name":"(anonymous_2)","decl":{"start":{"line":16,"column":4},"end":{"line":16,"column":11}},"loc":{"start":{"line":16,"column":11},"end":{"line":16,"column":null}}}},"branchMap":{"0":{"loc":{"start":{"line":10,"column":44},"end":{"line":10,"column":68}},"type":"binary-expr","locations":[{"start":{"line":10,"column":44},"end":{"line":10,"column":57}},{"start":{"line":10,"column":57},"end":{"line":10,"column":68}}]}},"s":{"0":6,"1":1,"2":1,"3":1,"4":0,"5":0,"6":1,"7":1},"f":{"0":1,"1":0,"2":1},"b":{"0":[1,1]}}
}
